Arguments: 
  /usr/local/Cellar/node/11.12.0/bin/node /usr/local/Cellar/yarn/1.15.2/libexec/bin/yarn.js

PATH: 
  /usr/local/bin:/usr/bin:/bin:/usr/sbin:/sbin

Yarn version: 
  1.15.2

Node version: 
  11.12.0

Platform: 
  darwin x64

Trace: 
  Error: ENOENT: no such file or directory, copyfile '/Users/demon/Library/Caches/Yarn/v4/npm-ms-2.1.1-30a5864eb3ebb0a66f2ebe6d727af06a09d86e0a/node_modules/ms/license.md' -> '/Users/demon/Library/Mobile Documents/com~apple~CloudDocs/DemonWorker/coupon/node_modules/@babel/traverse/node_modules/ms/license.md'

npm manifest: 
  {
  	"name": "coupon",
  	"version": "1.0.0",
  	"private": true,
  	"description": "淘宝、拼多多、京东优惠券",
  	"scripts": {
  		"build:weapp": "taro build --type weapp",
  		"build:swan": "taro build --type swan",
  		"build:alipay": "taro build --type alipay",
  		"build:tt": "taro build --type tt",
  		"build:h5": "cross-env CLIENT_ENV=h5 taro build --type h5",
  		"build:rn": "cross-env CLIENT_ENV=rn taro build --type rn",
  		"dev:weapp": "npm run build:weapp -- --watch",
  		"dev:swan": "npm run build:swan -- --watch",
  		"dev:alipay": "npm run build:alipay -- --watch",
  		"dev:tt": "npm run build:tt -- --watch",
  		"dev:h5": "cross-env CLIENT_ENV=h5 npm run build:h5 -- --watch",
  		"dev:rn": "cross-env CLIENT_ENV=rn npm run build:rn -- --watch"
  	},
  	"author": "",
  	"license": "MIT",
  	"dependencies": {
  		"@tarojs/async-await": "1.2.26",
  		"@tarojs/components": "1.2.26",
  		"@tarojs/redux": "1.2.26",
  		"@tarojs/redux-h5": "1.2.26",
  		"@tarojs/router": "1.2.26",
  		"@tarojs/taro": "1.2.26",
  		"@tarojs/taro-alipay": "1.2.26",
  		"@tarojs/taro-h5": "1.2.26",
  		"@tarojs/taro-swan": "1.2.26",
  		"@tarojs/taro-tt": "1.2.26",
  		"@tarojs/taro-weapp": "1.2.26",
  		"classname": "^0.0.0",
  		"nerv-devtools": "^1.3.9",
  		"nervjs": "^1.3.9",
  		"promise-polyfill": "^8.1.0",
  		"react": "^16.8.6",
  		"redux": "^4.0.0",
  		"redux-logger": "^3.0.6",
  		"redux-thunk": "^2.3.0",
  		"taro-ui": "^2.0.1"
  	},
  	"devDependencies": {
  		"@tarojs/plugin-babel": "1.2.26",
  		"@tarojs/plugin-csso": "1.2.26",
  		"@tarojs/plugin-sass": "1.2.26",
  		"@tarojs/plugin-uglifyjs": "1.2.26",
  		"@tarojs/webpack-runner": "1.2.26",
  		"@types/react": "^16.4.8",
  		"@types/webpack-env": "^1.13.6",
  		"babel-eslint": "^8.2.3",
  		"babel-plugin-transform-class-properties": "^6.24.1",
  		"babel-plugin-transform-decorators-legacy": "^1.3.4",
  		"babel-plugin-transform-jsx-stylesheet": "^0.6.5",
  		"babel-plugin-transform-object-rest-spread": "^6.26.0",
  		"babel-preset-env": "^1.6.1",
  		"cross-env": "^5.2.0",
  		"eslint": "^4.19.1",
  		"eslint-config-taro": "1.2.26",
  		"eslint-plugin-import": "^2.12.0",
  		"eslint-plugin-react": "^7.8.2",
  		"eslint-plugin-taro": "1.2.26",
  		"eslint-plugin-typescript": "^0.12.0",
  		"taro-ui": "^2.0.1",
  		"typescript": "^3.0.1"
  	}
  }

yarn manifest: 
  No manifest

Lockfile: 
  No lockfile
